<?xml version="1.0" encoding="UTF-8"?>
<!-- Generated by org.testng.reporters.JUnitXMLReporter -->
<testsuite ignored="0" hostname="arun" failures="0" tests="6" name="Default test" time="51.524" errors="0" timestamp="2024-12-15T21:22:58 IST">
  <testcase classname="tests.ProductDetailsTest" name="testRedirectionToProductDetailsPage" time="10.309"/>
  <testcase classname="tests.ProductDetailsTest" name="testProductDetailsAccuracy" time="0.21"/>
  <testcase classname="tests.ProductDetailsTest" name="testAddProductToCartAndVerifyDetails" time="8.017"/>
  <testcase classname="tests.ProductDetailsTest" name="testIncrementCartCount" time="12.651"/>
  <testcase classname="tests.ProductDetailsTest" name="testDeleteItemFromCart" time="13.259"/>
  <testcase classname="tests.ProductDetailsTest" name="testTotalPriceAfterDeletion" time="0.136"/>
</testsuite> <!-- Default test -->
