<?xml version="1.0" encoding="UTF-8"?>
<!-- Generated by org.testng.reporters.JUnitXMLReporter -->
<testsuite ignored="0" hostname="arun" failures="0" tests="21" name="Test" time="75.794" errors="0" timestamp="2024-12-15T22:40:53 IST">
  <testcase classname="tests.SignupTest" name="testSignUpButtonClickability" time="2.57"/>
  <testcase classname="tests.SignupTest" name="testSignUpButtonVisibility" time="0.42"/>
  <testcase classname="tests.SignupTest" name="testSignUpPageOpens" time="0.187"/>
  <testcase classname="tests.LoginTest" name="testLoginButtonVisibility" time="0.163"/>
  <testcase classname="tests.LoginTest" name="testLoginButtonClickability" time="1.778"/>
  <testcase classname="tests.LoginTest" name="testUserDashboardOpens" time="0.131"/>
  <testcase classname="tests.HomePageTest" name="testWelcomeMessageDisplayed" time="4.697"/>
  <testcase classname="tests.HomePageTest" name="testMenuItemsDisplayed" time="0.593"/>
  <testcase classname="tests.HomePageTest" name="testProductCategoriesDisplayed" time="0.384"/>
  <testcase classname="tests.HomePageTest" name="testApplicationLogoDisplayed" time="0.117"/>
  <testcase classname="tests.ProductDetailsTest" name="testRedirectionToProductDetailsPage" time="2.981"/>
  <testcase classname="tests.ProductDetailsTest" name="testProductDetailsAccuracy" time="0.21"/>
  <testcase classname="tests.ProductDetailsTest" name="testAddProductToCartAndVerifyDetails" time="3.699"/>
  <testcase classname="tests.ProductDetailsTest" name="testIncrementCartCount" time="9.382"/>
  <testcase classname="tests.CartTest" name="testDeleteItemFromCart" time="12.713"/>
  <testcase classname="tests.CartTest" name="testTotalPriceAfterDeletion" time="0.105"/>
  <testcase classname="tests.CartTest" name="testPlaceOrderButtonRedirection" time="1.029"/>
  <testcase classname="tests.CartTest" name="testUserDetailsFieldsPresence" time="0.386"/>
  <testcase classname="tests.CartTest" name="testSubmitOrder" time="1.501"/>
  <testcase classname="tests.LogoutTest" name="testLogoutButtonVisibility" time="3.155"/>
  <testcase classname="tests.LogoutTest" name="testLogoutFunctionality" time="1.816"/>
</testsuite> <!-- Test -->
